<?xml version="1.0" encoding="UTF-8"?>
<testsuite name="ru.stqa.pft.addressbook.tests.GroupModificationTests" tests="1" skipped="0" failures="0" errors="0" timestamp="2021-03-23T11:06:53" hostname="406PC0044" time="1.274">
  <properties/>
  <testcase name="testGroupModification" classname="ru.stqa.pft.addressbook.tests.GroupModificationTests" time="1.274"/>
  <system-out><![CDATA[15:06:52.937 [Test worker] INFO  r.s.pft.addressbook.tests.TestBase - Start test testGroupModification with parameters[]
15:06:54.307 [Test worker] INFO  r.s.pft.addressbook.tests.TestBase - Stop test testGroupModification
]]></system-out>
  <system-err><![CDATA[]]></system-err>
</testsuite>
