<?xml version="1.0" encoding="UTF-8"?>
<testsuite name="ru.stqa.pft.addressbook.tests.GroupDeletionTests" tests="1" skipped="0" failures="0" errors="0" timestamp="2021-03-23T11:06:54" hostname="406PC0044" time="0.454">
  <properties/>
  <testcase name="testGroupDeletion" classname="ru.stqa.pft.addressbook.tests.GroupDeletionTests" time="0.454"/>
  <system-out><![CDATA[15:06:54.307 [Test worker] INFO  r.s.pft.addressbook.tests.TestBase - Start test testGroupDeletion with parameters[]
15:06:54.855 [Test worker] INFO  r.s.pft.addressbook.tests.TestBase - Stop test testGroupDeletion
]]></system-out>
  <system-err><![CDATA[]]></system-err>
</testsuite>
