<?xml version="1.0" encoding="UTF-8"?>
<testsuite name="ru.stqa.pft.addressbook.tests.ContactDeletionTests" tests="1" skipped="1" failures="0" errors="0" timestamp="2021-03-23T11:04:21" hostname="406PC0044" time="0.0">
  <properties/>
  <testcase name="testContactDeletion" classname="ru.stqa.pft.addressbook.tests.ContactDeletionTests" time="0.0">
    <skipped/>
  </testcase>
  <system-out><![CDATA[15:04:21.903 [Test worker] INFO  r.s.pft.addressbook.tests.TestBase - Stop test testContactDeletion
]]></system-out>
  <system-err><![CDATA[]]></system-err>
</testsuite>
