<?xml version="1.0" encoding="UTF-8"?>
<testsuite name="ru.stqa.pft.addressbook.tests.ContactInfoTests" tests="1" skipped="0" failures="0" errors="0" timestamp="2021-03-12T13:04:13" hostname="406PC0044" time="0.62">
  <properties/>
  <testcase name="testContactEmails" classname="ru.stqa.pft.addressbook.tests.ContactInfoTests" time="0.62"/>
  <system-out><![CDATA[]]></system-out>
  <system-err><![CDATA[]]></system-err>
</testsuite>
